PLINK v1.90b7.2 64-bit (11 Dec 2023)
Options in effect:
  --file ../results/chilean_all48_hg19_ped_maf05_missing10
  --hardy
  --out ../results/chilean_all48_hg19_ped_maf05_missing10_hardy

Hostname: alejandro-ahumada-quintanilla
Working directory: /home/ahumada_quintanilla/Escritorio/Bioinformatica/Tareas_BioinfRepro2025_AAQ/Unidad_2/Tarea_2.1/code
Start time: Mon Sep 29 23:41:31 2025

Random number seed: 1759200091
7622 MB RAM detected; reserving 3811 MB for main workspace.
Scanning .ped file... done.
Performing single-pass .bed write (466296 variants, 46 people).
--file: ../results/chilean_all48_hg19_ped_maf05_missing10_hardy-temporary.bed +
../results/chilean_all48_hg19_ped_maf05_missing10_hardy-temporary.bim +
../results/chilean_all48_hg19_ped_maf05_missing10_hardy-temporary.fam written.
466296 variants loaded from .bim file.
46 people (26 males, 20 females) loaded from .fam.
46 phenotype values loaded from .fam.
Using 1 thread (no multithreaded calculations invoked).
Before main variant filters, 46 founders and 0 nonfounders present.
Calculating allele frequencies... done.
Warning: 10320 het. haploid genotypes present (see
../results/chilean_all48_hg19_ped_maf05_missing10_hardy.hh ); many commands
treat these as missing.
Warning: Nonmissing nonmale Y chromosome genotype(s) present; many commands
treat these as missing.
Total genotyping rate is 0.994486.
--hardy: Writing Hardy-Weinberg report (founders only) to
../results/chilean_all48_hg19_ped_maf05_missing10_hardy.hwe ... done.

End time: Mon Sep 29 23:41:32 2025
