PLINK v1.90b7.2 64-bit (11 Dec 2023)
Options in effect:
  --bfile ../data/ChileGenomico/chilean_all48_hg19
  --maf 0.05
  --mind 0.1
  --out ../results/chilean_all48_hg19_ped_maf05_missing10
  --recode

Hostname: alejandro-ahumada-quintanilla
Working directory: /home/ahumada_quintanilla/Escritorio/Bioinformatica/Tareas_BioinfRepro2025_AAQ/Unidad_2/Tarea_2.1/code
Start time: Mon Sep 29 23:15:54 2025

Random number seed: 1759198554
7622 MB RAM detected; reserving 3811 MB for main workspace.
813366 variants loaded from .bim file.
48 people (27 males, 21 females) loaded from .fam.
48 phenotype values loaded from .fam.
2 people removed due to missing genotype data (--mind).
IDs written to ../results/chilean_all48_hg19_ped_maf05_missing10.irem .
Using 1 thread (no multithreaded calculations invoked).
Before main variant filters, 46 founders and 0 nonfounders present.
Calculating allele frequencies... done.
Warning: 11005 het. haploid genotypes present (see
../results/chilean_all48_hg19_ped_maf05_missing10.hh ); many commands treat
these as missing.
Warning: Nonmissing nonmale Y chromosome genotype(s) present; many commands
treat these as missing.
Total genotyping rate in remaining samples is 0.994669.
347070 variants removed due to minor allele threshold(s)
(--maf/--max-maf/--mac/--max-mac).
466296 variants and 46 people pass filters and QC.
Among remaining phenotypes, 0 are cases and 46 are controls.
--recode ped to ../results/chilean_all48_hg19_ped_maf05_missing10.ped +
../results/chilean_all48_hg19_ped_maf05_missing10.map ... done.

End time: Mon Sep 29 23:15:55 2025
