PLINK v1.90b7.2 64-bit (11 Dec 2023)
Options in effect:
  --bfile ../data/ChileGenomico/chilean_all48_hg19
  --check-sex
  --out ../results/chilean_all48_hg19_sex_check

Hostname: alejandro-ahumada-quintanilla
Working directory: /home/ahumada_quintanilla/Escritorio/Bioinformatica/Tareas_BioinfRepro2025_AAQ/Unidad_2/Tarea_2.1/code
Start time: Tue Sep 30 21:02:46 2025

Random number seed: 1759276966
7622 MB RAM detected; reserving 3811 MB for main workspace.
813366 variants loaded from .bim file.
48 people (27 males, 21 females) loaded from .fam.
48 phenotype values loaded from .fam.
Using 1 thread (no multithreaded calculations invoked).
Before main variant filters, 48 founders and 0 nonfounders present.
Calculating allele frequencies... done.
Warning: 11824 het. haploid genotypes present (see
../results/chilean_all48_hg19_sex_check.hh ); many commands treat these as
missing.
Warning: Nonmissing nonmale Y chromosome genotype(s) present; many commands
treat these as missing.
Total genotyping rate is 0.989751.
813366 variants and 48 people pass filters and QC.
Among remaining phenotypes, 0 are cases and 48 are controls.
--check-sex: 20969 Xchr and 0 Ychr variant(s) scanned, 2 problems detected.
Report written to ../results/chilean_all48_hg19_sex_check.sexcheck .

End time: Tue Sep 30 21:02:46 2025
