PLINK v1.90b7.2 64-bit (11 Dec 2023)
Options in effect:
  --bfile ../data/ChileGenomico/chilean_all48_hg19
  --out ../results/chilean_all48_hg19_ped
  --recode

Hostname: alejandro-ahumada-quintanilla
Working directory: /home/ahumada_quintanilla/Escritorio/Bioinformatica/Tareas_BioinfRepro2025_AAQ/Unidad_2/Tarea_2.1/code
Start time: Mon Sep 29 23:04:50 2025

Random number seed: 1759197890
7622 MB RAM detected; reserving 3811 MB for main workspace.
813366 variants loaded from .bim file.
48 people (27 males, 21 females) loaded from .fam.
48 phenotype values loaded from .fam.
Using 1 thread (no multithreaded calculations invoked).
Before main variant filters, 48 founders and 0 nonfounders present.
Calculating allele frequencies... done.
Warning: 11824 het. haploid genotypes present (see
../results/chilean_all48_hg19_ped.hh ); many commands treat these as missing.
Warning: Nonmissing nonmale Y chromosome genotype(s) present; many commands
treat these as missing.
Total genotyping rate is 0.989751.
813366 variants and 48 people pass filters and QC.
Among remaining phenotypes, 0 are cases and 48 are controls.
--recode ped to ../results/chilean_all48_hg19_ped.ped +
../results/chilean_all48_hg19_ped.map ... done.

End time: Mon Sep 29 23:04:51 2025
